<?xml version="1.0" encoding="UTF-8"?>
<!-- Generated by org.testng.reporters.JUnitReportReporter -->
<testsuite skipped="0" hostname="IBM866-PB4E33WPBN3D6F" name="Tests.UserRegisterationTest" tests="3" failures="0" timestamp="12 Aug 2018 16:27:03 GMT" time="8.116" errors="0">
  <testcase name="UserCanLogin" time="2.658" classname="Tests.UserRegisterationTest"/>
  <testcase name="UserCanLogout" time="1.179" classname="Tests.UserRegisterationTest"/>
  <testcase name="RegisterationHappyPath" time="4.279" classname="Tests.UserRegisterationTest"/>
</testsuite> <!-- Tests.UserRegisterationTest -->
